2024/02/29 08:30:41 [notice] 1#1: using the "epoll" event method
2024/02/29 08:30:41 [notice] 1#1: nginx/1.25.4
2024/02/29 08:30:41 [notice] 1#1: built by gcc 12.2.0 (Debian 12.2.0-14) 
2024/02/29 08:30:41 [notice] 1#1: OS: Linux 5.15.133.1-microsoft-standard-WSL2
2024/02/29 08:30:41 [notice] 1#1: getrlimit(RLIMIT_NOFILE): 1048576:1048576
2024/02/29 08:30:41 [notice] 1#1: start worker processes
2024/02/29 08:30:41 [notice] 1#1: start worker process 28
2024/02/29 08:30:41 [notice] 1#1: start worker process 29
2024/02/29 08:30:41 [notice] 1#1: start worker process 30
2024/02/29 08:30:41 [notice] 1#1: start worker process 31
2024/02/29 08:30:41 [notice] 1#1: start worker process 32
2024/02/29 08:30:41 [notice] 1#1: start worker process 33
2024/02/29 08:30:41 [notice] 1#1: start worker process 34
2024/02/29 08:30:41 [notice] 1#1: start worker process 35
2024/02/29 08:30:41 [notice] 1#1: start worker process 36
2024/02/29 08:30:41 [notice] 1#1: start worker process 37
2024/02/29 08:30:41 [notice] 1#1: start worker process 38
2024/02/29 08:30:41 [notice] 1#1: start worker process 39
2024/02/29 08:30:41 [notice] 1#1: start worker process 40
2024/02/29 08:30:41 [notice] 1#1: start worker process 41
2024/02/29 08:30:41 [notice] 1#1: start worker process 42
2024/02/29 08:30:41 [notice] 1#1: start worker process 43
2024/02/29 08:35:17 [notice] 1#1: signal 3 (SIGQUIT) received, shutting down
2024/02/29 08:35:17 [notice] 28#28: gracefully shutting down
2024/02/29 08:35:17 [notice] 30#30: gracefully shutting down
2024/02/29 08:35:17 [notice] 29#29: gracefully shutting down
2024/02/29 08:35:17 [notice] 31#31: gracefully shutting down
2024/02/29 08:35:17 [notice] 34#34: gracefully shutting down
2024/02/29 08:35:17 [notice] 32#32: gracefully shutting down
2024/02/29 08:35:17 [notice] 35#35: gracefully shutting down
2024/02/29 08:35:17 [notice] 33#33: gracefully shutting down
2024/02/29 08:35:17 [notice] 38#38: gracefully shutting down
2024/02/29 08:35:17 [notice] 37#37: gracefully shutting down
2024/02/29 08:35:17 [notice] 40#40: gracefully shutting down
2024/02/29 08:35:17 [notice] 41#41: gracefully shutting down
2024/02/29 08:35:17 [notice] 42#42: gracefully shutting down
2024/02/29 08:35:17 [notice] 36#36: gracefully shutting down
2024/02/29 08:35:17 [notice] 39#39: gracefully shutting down
2024/02/29 08:35:17 [notice] 43#43: gracefully shutting down
2024/02/29 08:35:17 [notice] 28#28: exiting
2024/02/29 08:35:17 [notice] 30#30: exiting
2024/02/29 08:35:17 [notice] 29#29: exiting
2024/02/29 08:35:17 [notice] 31#31: exiting
2024/02/29 08:35:17 [notice] 34#34: exiting
2024/02/29 08:35:17 [notice] 32#32: exiting
2024/02/29 08:35:17 [notice] 35#35: exiting
2024/02/29 08:35:17 [notice] 33#33: exiting
2024/02/29 08:35:17 [notice] 38#38: exiting
2024/02/29 08:35:17 [notice] 37#37: exiting
2024/02/29 08:35:17 [notice] 40#40: exiting
2024/02/29 08:35:17 [notice] 41#41: exiting
2024/02/29 08:35:17 [notice] 42#42: exiting
2024/02/29 08:35:17 [notice] 36#36: exiting
2024/02/29 08:35:17 [notice] 39#39: exiting
2024/02/29 08:35:17 [notice] 43#43: exiting
2024/02/29 08:35:17 [notice] 28#28: exit
2024/02/29 08:35:17 [notice] 30#30: exit
2024/02/29 08:35:17 [notice] 29#29: exit
2024/02/29 08:35:17 [notice] 31#31: exit
2024/02/29 08:35:17 [notice] 34#34: exit
2024/02/29 08:35:17 [notice] 39#39: exit
2024/02/29 08:35:17 [notice] 37#37: exit
2024/02/29 08:35:17 [notice] 41#41: exit
2024/02/29 08:35:17 [notice] 32#32: exit
2024/02/29 08:35:17 [notice] 40#40: exit
2024/02/29 08:35:17 [notice] 35#35: exit
2024/02/29 08:35:17 [notice] 38#38: exit
2024/02/29 08:35:17 [notice] 33#33: exit
2024/02/29 08:35:17 [notice] 36#36: exit
2024/02/29 08:35:17 [notice] 42#42: exit
2024/02/29 08:35:17 [notice] 43#43: exit
2024/02/29 08:35:17 [notice] 1#1: signal 17 (SIGCHLD) received from 31
2024/02/29 08:35:17 [notice] 1#1: worker process 29 exited with code 0
2024/02/29 08:35:17 [notice] 1#1: worker process 31 exited with code 0
2024/02/29 08:35:17 [notice] 1#1: worker process 33 exited with code 0
2024/02/29 08:35:17 [notice] 1#1: worker process 35 exited with code 0
2024/02/29 08:35:17 [notice] 1#1: worker process 38 exited with code 0
2024/02/29 08:35:17 [notice] 1#1: worker process 39 exited with code 0
2024/02/29 08:35:17 [notice] 1#1: signal 29 (SIGIO) received
2024/02/29 08:35:17 [notice] 1#1: signal 17 (SIGCHLD) received from 29
2024/02/29 08:35:17 [notice] 1#1: signal 17 (SIGCHLD) received from 30
2024/02/29 08:35:17 [notice] 1#1: worker process 30 exited with code 0
2024/02/29 08:35:17 [notice] 1#1: worker process 32 exited with code 0
2024/02/29 08:35:17 [notice] 1#1: worker process 34 exited with code 0
2024/02/29 08:35:17 [notice] 1#1: worker process 37 exited with code 0
2024/02/29 08:35:17 [notice] 1#1: worker process 41 exited with code 0
2024/02/29 08:35:17 [notice] 1#1: worker process 42 exited with code 0
2024/02/29 08:35:17 [notice] 1#1: worker process 43 exited with code 0
2024/02/29 08:35:17 [notice] 1#1: signal 29 (SIGIO) received
2024/02/29 08:35:17 [notice] 1#1: signal 17 (SIGCHLD) received from 32
2024/02/29 08:35:17 [notice] 1#1: signal 17 (SIGCHLD) received from 28
2024/02/29 08:35:17 [notice] 1#1: worker process 28 exited with code 0
2024/02/29 08:35:17 [notice] 1#1: worker process 40 exited with code 0
2024/02/29 08:35:17 [notice] 1#1: signal 29 (SIGIO) received
2024/02/29 08:35:17 [notice] 1#1: signal 17 (SIGCHLD) received from 40
2024/02/29 08:35:17 [notice] 1#1: signal 17 (SIGCHLD) received from 36
2024/02/29 08:35:17 [notice] 1#1: worker process 36 exited with code 0
2024/02/29 08:35:17 [notice] 1#1: exit
2024/02/29 08:35:37 [notice] 1#1: using the "epoll" event method
2024/02/29 08:35:37 [notice] 1#1: nginx/1.25.4
2024/02/29 08:35:37 [notice] 1#1: built by gcc 12.2.0 (Debian 12.2.0-14) 
2024/02/29 08:35:37 [notice] 1#1: OS: Linux 5.15.133.1-microsoft-standard-WSL2
2024/02/29 08:35:37 [notice] 1#1: getrlimit(RLIMIT_NOFILE): 1048576:1048576
2024/02/29 08:35:37 [notice] 1#1: start worker processes
2024/02/29 08:35:37 [notice] 1#1: start worker process 28
2024/02/29 08:35:37 [notice] 1#1: start worker process 29
2024/02/29 08:35:37 [notice] 1#1: start worker process 30
2024/02/29 08:35:37 [notice] 1#1: start worker process 31
2024/02/29 08:35:37 [notice] 1#1: start worker process 32
2024/02/29 08:35:37 [notice] 1#1: start worker process 33
2024/02/29 08:35:37 [notice] 1#1: start worker process 34
2024/02/29 08:35:37 [notice] 1#1: start worker process 35
2024/02/29 08:35:37 [notice] 1#1: start worker process 36
2024/02/29 08:35:37 [notice] 1#1: start worker process 37
2024/02/29 08:35:37 [notice] 1#1: start worker process 38
2024/02/29 08:35:37 [notice] 1#1: start worker process 39
2024/02/29 08:35:37 [notice] 1#1: start worker process 40
2024/02/29 08:35:37 [notice] 1#1: start worker process 41
2024/02/29 08:35:37 [notice] 1#1: start worker process 42
2024/02/29 08:35:37 [notice] 1#1: start worker process 43
2024/02/29 09:08:11 [notice] 1#1: signal 3 (SIGQUIT) received, shutting down
2024/02/29 09:08:11 [notice] 28#28: gracefully shutting down
2024/02/29 09:08:11 [notice] 29#29: gracefully shutting down
2024/02/29 09:08:11 [notice] 31#31: gracefully shutting down
2024/02/29 09:08:11 [notice] 32#32: gracefully shutting down
2024/02/29 09:08:11 [notice] 30#30: gracefully shutting down
2024/02/29 09:08:11 [notice] 35#35: gracefully shutting down
2024/02/29 09:08:11 [notice] 36#36: gracefully shutting down
2024/02/29 09:08:11 [notice] 37#37: gracefully shutting down
2024/02/29 09:08:11 [notice] 34#34: gracefully shutting down
2024/02/29 09:08:11 [notice] 33#33: gracefully shutting down
2024/02/29 09:08:11 [notice] 38#38: gracefully shutting down
2024/02/29 09:08:11 [notice] 39#39: gracefully shutting down
2024/02/29 09:08:11 [notice] 40#40: gracefully shutting down
2024/02/29 09:08:11 [notice] 41#41: gracefully shutting down
2024/02/29 09:08:11 [notice] 42#42: gracefully shutting down
2024/02/29 09:08:11 [notice] 43#43: gracefully shutting down
2024/02/29 09:08:11 [notice] 28#28: exiting
2024/02/29 09:08:11 [notice] 29#29: exiting
2024/02/29 09:08:11 [notice] 31#31: exiting
2024/02/29 09:08:11 [notice] 32#32: exiting
2024/02/29 09:08:11 [notice] 30#30: exiting
2024/02/29 09:08:11 [notice] 35#35: exiting
2024/02/29 09:08:11 [notice] 36#36: exiting
2024/02/29 09:08:11 [notice] 37#37: exiting
2024/02/29 09:08:11 [notice] 34#34: exiting
2024/02/29 09:08:11 [notice] 33#33: exiting
2024/02/29 09:08:11 [notice] 38#38: exiting
2024/02/29 09:08:11 [notice] 39#39: exiting
2024/02/29 09:08:11 [notice] 40#40: exiting
2024/02/29 09:08:11 [notice] 41#41: exiting
2024/02/29 09:08:11 [notice] 42#42: exiting
2024/02/29 09:08:11 [notice] 43#43: exiting
2024/02/29 09:08:11 [notice] 28#28: exit
2024/02/29 09:08:11 [notice] 32#32: exit
2024/02/29 09:08:11 [notice] 29#29: exit
2024/02/29 09:08:11 [notice] 31#31: exit
2024/02/29 09:08:11 [notice] 35#35: exit
2024/02/29 09:08:11 [notice] 30#30: exit
2024/02/29 09:08:11 [notice] 36#36: exit
2024/02/29 09:08:11 [notice] 37#37: exit
2024/02/29 09:08:11 [notice] 34#34: exit
2024/02/29 09:08:11 [notice] 33#33: exit
2024/02/29 09:08:11 [notice] 38#38: exit
2024/02/29 09:08:11 [notice] 39#39: exit
2024/02/29 09:08:11 [notice] 40#40: exit
2024/02/29 09:08:11 [notice] 41#41: exit
2024/02/29 09:08:11 [notice] 42#42: exit
2024/02/29 09:08:11 [notice] 43#43: exit
2024/02/29 09:08:11 [notice] 1#1: signal 17 (SIGCHLD) received from 30
2024/02/29 09:08:11 [notice] 1#1: worker process 30 exited with code 0
2024/02/29 09:08:11 [notice] 1#1: signal 29 (SIGIO) received
2024/02/29 09:08:11 [notice] 1#1: signal 17 (SIGCHLD) received from 42
2024/02/29 09:08:11 [notice] 1#1: worker process 31 exited with code 0
2024/02/29 09:08:11 [notice] 1#1: worker process 34 exited with code 0
2024/02/29 09:08:11 [notice] 1#1: worker process 42 exited with code 0
2024/02/29 09:08:11 [notice] 1#1: signal 29 (SIGIO) received
2024/02/29 09:08:11 [notice] 1#1: signal 17 (SIGCHLD) received from 35
2024/02/29 09:08:11 [notice] 1#1: worker process 33 exited with code 0
2024/02/29 09:08:11 [notice] 1#1: worker process 35 exited with code 0
2024/02/29 09:08:11 [notice] 1#1: worker process 36 exited with code 0
2024/02/29 09:08:11 [notice] 1#1: signal 29 (SIGIO) received
2024/02/29 09:08:11 [notice] 1#1: signal 17 (SIGCHLD) received from 33
2024/02/29 09:08:11 [notice] 1#1: signal 17 (SIGCHLD) received from 43
2024/02/29 09:08:11 [notice] 1#1: worker process 29 exited with code 0
2024/02/29 09:08:11 [notice] 1#1: worker process 43 exited with code 0
2024/02/29 09:08:11 [notice] 1#1: signal 29 (SIGIO) received
2024/02/29 09:08:11 [notice] 1#1: signal 17 (SIGCHLD) received from 29
2024/02/29 09:08:11 [notice] 1#1: signal 17 (SIGCHLD) received from 40
2024/02/29 09:08:11 [notice] 1#1: worker process 28 exited with code 0
2024/02/29 09:08:11 [notice] 1#1: worker process 32 exited with code 0
2024/02/29 09:08:11 [notice] 1#1: worker process 37 exited with code 0
2024/02/29 09:08:11 [notice] 1#1: worker process 38 exited with code 0
2024/02/29 09:08:11 [notice] 1#1: worker process 39 exited with code 0
2024/02/29 09:08:11 [notice] 1#1: worker process 40 exited with code 0
2024/02/29 09:08:11 [notice] 1#1: worker process 41 exited with code 0
2024/02/29 09:08:11 [notice] 1#1: exit
2024/02/29 09:09:22 [notice] 1#1: using the "epoll" event method
2024/02/29 09:09:22 [notice] 1#1: nginx/1.25.4
2024/02/29 09:09:22 [notice] 1#1: built by gcc 12.2.0 (Debian 12.2.0-14) 
2024/02/29 09:09:22 [notice] 1#1: OS: Linux 5.15.133.1-microsoft-standard-WSL2
2024/02/29 09:09:22 [notice] 1#1: getrlimit(RLIMIT_NOFILE): 1048576:1048576
2024/02/29 09:09:22 [notice] 1#1: start worker processes
2024/02/29 09:09:22 [notice] 1#1: start worker process 28
2024/02/29 09:09:22 [notice] 1#1: start worker process 29
2024/02/29 09:09:22 [notice] 1#1: start worker process 30
2024/02/29 09:09:22 [notice] 1#1: start worker process 31
2024/02/29 09:09:22 [notice] 1#1: start worker process 32
2024/02/29 09:09:22 [notice] 1#1: start worker process 33
2024/02/29 09:09:22 [notice] 1#1: start worker process 34
2024/02/29 09:09:22 [notice] 1#1: start worker process 35
2024/02/29 09:09:22 [notice] 1#1: start worker process 36
2024/02/29 09:09:22 [notice] 1#1: start worker process 37
2024/02/29 09:09:22 [notice] 1#1: start worker process 38
2024/02/29 09:09:22 [notice] 1#1: start worker process 39
2024/02/29 09:09:22 [notice] 1#1: start worker process 40
2024/02/29 09:09:22 [notice] 1#1: start worker process 41
2024/02/29 09:09:22 [notice] 1#1: start worker process 42
2024/02/29 09:09:22 [notice] 1#1: start worker process 43
2024/02/29 09:12:42 [notice] 1#1: signal 3 (SIGQUIT) received, shutting down
2024/02/29 09:12:42 [notice] 28#28: gracefully shutting down
2024/02/29 09:12:42 [notice] 29#29: gracefully shutting down
2024/02/29 09:12:42 [notice] 30#30: gracefully shutting down
2024/02/29 09:12:42 [notice] 34#34: gracefully shutting down
2024/02/29 09:12:42 [notice] 31#31: gracefully shutting down
2024/02/29 09:12:42 [notice] 36#36: gracefully shutting down
2024/02/29 09:12:42 [notice] 33#33: gracefully shutting down
2024/02/29 09:12:42 [notice] 37#37: gracefully shutting down
2024/02/29 09:12:42 [notice] 32#32: gracefully shutting down
2024/02/29 09:12:42 [notice] 40#40: gracefully shutting down
2024/02/29 09:12:42 [notice] 39#39: gracefully shutting down
2024/02/29 09:12:42 [notice] 42#42: gracefully shutting down
2024/02/29 09:12:42 [notice] 38#38: gracefully shutting down
2024/02/29 09:12:42 [notice] 43#43: gracefully shutting down
2024/02/29 09:12:42 [notice] 41#41: gracefully shutting down
2024/02/29 09:12:42 [notice] 35#35: gracefully shutting down
2024/02/29 09:12:42 [notice] 28#28: exiting
2024/02/29 09:12:42 [notice] 29#29: exiting
2024/02/29 09:12:42 [notice] 30#30: exiting
2024/02/29 09:12:42 [notice] 34#34: exiting
2024/02/29 09:12:42 [notice] 31#31: exiting
2024/02/29 09:12:42 [notice] 36#36: exiting
2024/02/29 09:12:42 [notice] 33#33: exiting
2024/02/29 09:12:42 [notice] 37#37: exiting
2024/02/29 09:12:42 [notice] 32#32: exiting
2024/02/29 09:12:42 [notice] 40#40: exiting
2024/02/29 09:12:42 [notice] 39#39: exiting
2024/02/29 09:12:42 [notice] 42#42: exiting
2024/02/29 09:12:42 [notice] 38#38: exiting
2024/02/29 09:12:42 [notice] 43#43: exiting
2024/02/29 09:12:42 [notice] 41#41: exiting
2024/02/29 09:12:42 [notice] 35#35: exiting
2024/02/29 09:12:42 [notice] 28#28: exit
2024/02/29 09:12:42 [notice] 29#29: exit
2024/02/29 09:12:42 [notice] 30#30: exit
2024/02/29 09:12:42 [notice] 34#34: exit
2024/02/29 09:12:42 [notice] 31#31: exit
2024/02/29 09:12:42 [notice] 36#36: exit
2024/02/29 09:12:42 [notice] 33#33: exit
2024/02/29 09:12:42 [notice] 37#37: exit
2024/02/29 09:12:42 [notice] 32#32: exit
2024/02/29 09:12:42 [notice] 40#40: exit
2024/02/29 09:12:42 [notice] 39#39: exit
2024/02/29 09:12:42 [notice] 42#42: exit
2024/02/29 09:12:42 [notice] 38#38: exit
2024/02/29 09:12:42 [notice] 43#43: exit
2024/02/29 09:12:42 [notice] 41#41: exit
2024/02/29 09:12:42 [notice] 35#35: exit
2024/02/29 09:12:42 [notice] 1#1: signal 17 (SIGCHLD) received from 43
2024/02/29 09:12:42 [notice] 1#1: worker process 41 exited with code 0
2024/02/29 09:12:42 [notice] 1#1: worker process 43 exited with code 0
2024/02/29 09:12:42 [notice] 1#1: signal 29 (SIGIO) received
2024/02/29 09:12:42 [notice] 1#1: signal 17 (SIGCHLD) received from 41
2024/02/29 09:12:42 [notice] 1#1: signal 17 (SIGCHLD) received from 36
2024/02/29 09:12:42 [notice] 1#1: worker process 28 exited with code 0
2024/02/29 09:12:42 [notice] 1#1: worker process 29 exited with code 0
2024/02/29 09:12:42 [notice] 1#1: worker process 31 exited with code 0
2024/02/29 09:12:42 [notice] 1#1: worker process 32 exited with code 0
2024/02/29 09:12:42 [notice] 1#1: worker process 33 exited with code 0
2024/02/29 09:12:42 [notice] 1#1: worker process 36 exited with code 0
2024/02/29 09:12:42 [notice] 1#1: worker process 37 exited with code 0
2024/02/29 09:12:42 [notice] 1#1: worker process 39 exited with code 0
2024/02/29 09:12:42 [notice] 1#1: worker process 40 exited with code 0
2024/02/29 09:12:42 [notice] 1#1: worker process 42 exited with code 0
2024/02/29 09:12:42 [notice] 1#1: signal 29 (SIGIO) received
2024/02/29 09:12:42 [notice] 1#1: signal 17 (SIGCHLD) received from 28
2024/02/29 09:12:42 [notice] 1#1: signal 17 (SIGCHLD) received from 34
2024/02/29 09:12:42 [notice] 1#1: worker process 34 exited with code 0
2024/02/29 09:12:42 [notice] 1#1: worker process 35 exited with code 0
2024/02/29 09:12:42 [notice] 1#1: signal 29 (SIGIO) received
2024/02/29 09:12:42 [notice] 1#1: signal 17 (SIGCHLD) received from 38
2024/02/29 09:12:42 [notice] 1#1: worker process 30 exited with code 0
2024/02/29 09:12:42 [notice] 1#1: worker process 38 exited with code 0
2024/02/29 09:12:42 [notice] 1#1: exit
2024/02/29 09:14:00 [notice] 1#1: using the "epoll" event method
2024/02/29 09:14:00 [notice] 1#1: nginx/1.25.4
2024/02/29 09:14:00 [notice] 1#1: built by gcc 12.2.0 (Debian 12.2.0-14) 
2024/02/29 09:14:00 [notice] 1#1: OS: Linux 5.15.133.1-microsoft-standard-WSL2
2024/02/29 09:14:00 [notice] 1#1: getrlimit(RLIMIT_NOFILE): 1048576:1048576
2024/02/29 09:14:00 [notice] 1#1: start worker processes
2024/02/29 09:14:00 [notice] 1#1: start worker process 28
2024/02/29 09:14:00 [notice] 1#1: start worker process 29
2024/02/29 09:14:00 [notice] 1#1: start worker process 30
2024/02/29 09:14:00 [notice] 1#1: start worker process 31
2024/02/29 09:14:00 [notice] 1#1: start worker process 32
2024/02/29 09:14:00 [notice] 1#1: start worker process 33
2024/02/29 09:14:00 [notice] 1#1: start worker process 34
2024/02/29 09:14:00 [notice] 1#1: start worker process 35
2024/02/29 09:14:00 [notice] 1#1: start worker process 36
2024/02/29 09:14:00 [notice] 1#1: start worker process 37
2024/02/29 09:14:00 [notice] 1#1: start worker process 38
2024/02/29 09:14:00 [notice] 1#1: start worker process 39
2024/02/29 09:14:00 [notice] 1#1: start worker process 40
2024/02/29 09:14:00 [notice] 1#1: start worker process 41
2024/02/29 09:14:00 [notice] 1#1: start worker process 42
2024/02/29 09:14:00 [notice] 1#1: start worker process 43
2024/02/29 09:32:58 [notice] 1#1: signal 3 (SIGQUIT) received, shutting down
2024/02/29 09:32:58 [notice] 28#28: gracefully shutting down
2024/02/29 09:32:58 [notice] 29#29: gracefully shutting down
2024/02/29 09:32:58 [notice] 30#30: gracefully shutting down
2024/02/29 09:32:58 [notice] 31#31: gracefully shutting down
2024/02/29 09:32:58 [notice] 32#32: gracefully shutting down
2024/02/29 09:32:58 [notice] 34#34: gracefully shutting down
2024/02/29 09:32:58 [notice] 33#33: gracefully shutting down
2024/02/29 09:32:58 [notice] 35#35: gracefully shutting down
2024/02/29 09:32:58 [notice] 36#36: gracefully shutting down
2024/02/29 09:32:58 [notice] 41#41: gracefully shutting down
2024/02/29 09:32:58 [notice] 38#38: gracefully shutting down
2024/02/29 09:32:58 [notice] 40#40: gracefully shutting down
2024/02/29 09:32:58 [notice] 39#39: gracefully shutting down
2024/02/29 09:32:58 [notice] 37#37: gracefully shutting down
2024/02/29 09:32:58 [notice] 42#42: gracefully shutting down
2024/02/29 09:32:58 [notice] 43#43: gracefully shutting down
2024/02/29 09:32:58 [notice] 28#28: exiting
2024/02/29 09:32:58 [notice] 29#29: exiting
2024/02/29 09:32:58 [notice] 30#30: exiting
2024/02/29 09:32:58 [notice] 31#31: exiting
2024/02/29 09:32:58 [notice] 32#32: exiting
2024/02/29 09:32:58 [notice] 34#34: exiting
2024/02/29 09:32:58 [notice] 33#33: exiting
2024/02/29 09:32:58 [notice] 35#35: exiting
2024/02/29 09:32:58 [notice] 36#36: exiting
2024/02/29 09:32:58 [notice] 41#41: exiting
2024/02/29 09:32:58 [notice] 38#38: exiting
2024/02/29 09:32:58 [notice] 40#40: exiting
2024/02/29 09:32:58 [notice] 39#39: exiting
2024/02/29 09:32:58 [notice] 37#37: exiting
2024/02/29 09:32:58 [notice] 42#42: exiting
2024/02/29 09:32:58 [notice] 43#43: exiting
2024/02/29 09:32:58 [notice] 28#28: exit
2024/02/29 09:32:58 [notice] 29#29: exit
2024/02/29 09:32:58 [notice] 30#30: exit
2024/02/29 09:32:58 [notice] 31#31: exit
2024/02/29 09:32:58 [notice] 32#32: exit
2024/02/29 09:32:58 [notice] 34#34: exit
2024/02/29 09:32:58 [notice] 33#33: exit
2024/02/29 09:32:58 [notice] 35#35: exit
2024/02/29 09:32:58 [notice] 36#36: exit
2024/02/29 09:32:58 [notice] 41#41: exit
2024/02/29 09:32:58 [notice] 38#38: exit
2024/02/29 09:32:58 [notice] 40#40: exit
2024/02/29 09:32:58 [notice] 39#39: exit
2024/02/29 09:32:58 [notice] 37#37: exit
2024/02/29 09:32:58 [notice] 42#42: exit
2024/02/29 09:32:58 [notice] 43#43: exit
2024/02/29 09:32:58 [notice] 1#1: signal 17 (SIGCHLD) received from 38
2024/02/29 09:32:58 [notice] 1#1: worker process 31 exited with code 0
2024/02/29 09:32:58 [notice] 1#1: worker process 34 exited with code 0
2024/02/29 09:32:58 [notice] 1#1: worker process 38 exited with code 0
2024/02/29 09:32:58 [notice] 1#1: worker process 43 exited with code 0
2024/02/29 09:32:58 [notice] 1#1: signal 29 (SIGIO) received
2024/02/29 09:32:58 [notice] 1#1: signal 17 (SIGCHLD) received from 43
2024/02/29 09:32:58 [notice] 1#1: signal 17 (SIGCHLD) received from 36
2024/02/29 09:32:58 [notice] 1#1: worker process 28 exited with code 0
2024/02/29 09:32:58 [notice] 1#1: worker process 29 exited with code 0
2024/02/29 09:32:58 [notice] 1#1: worker process 30 exited with code 0
2024/02/29 09:32:58 [notice] 1#1: worker process 32 exited with code 0
2024/02/29 09:32:58 [notice] 1#1: worker process 33 exited with code 0
2024/02/29 09:32:58 [notice] 1#1: worker process 35 exited with code 0
2024/02/29 09:32:58 [notice] 1#1: worker process 36 exited with code 0
2024/02/29 09:32:58 [notice] 1#1: worker process 39 exited with code 0
2024/02/29 09:32:58 [notice] 1#1: worker process 41 exited with code 0
2024/02/29 09:32:58 [notice] 1#1: worker process 42 exited with code 0
2024/02/29 09:32:58 [notice] 1#1: signal 29 (SIGIO) received
2024/02/29 09:32:58 [notice] 1#1: signal 17 (SIGCHLD) received from 29
2024/02/29 09:32:58 [notice] 1#1: signal 17 (SIGCHLD) received from 37
2024/02/29 09:32:58 [notice] 1#1: worker process 37 exited with code 0
2024/02/29 09:32:58 [notice] 1#1: worker process 40 exited with code 0
2024/02/29 09:32:58 [notice] 1#1: exit
2024/02/29 09:33:14 [notice] 1#1: using the "epoll" event method
2024/02/29 09:33:14 [notice] 1#1: nginx/1.25.4
2024/02/29 09:33:14 [notice] 1#1: built by gcc 12.2.0 (Debian 12.2.0-14) 
2024/02/29 09:33:14 [notice] 1#1: OS: Linux 5.15.133.1-microsoft-standard-WSL2
2024/02/29 09:33:14 [notice] 1#1: getrlimit(RLIMIT_NOFILE): 1048576:1048576
2024/02/29 09:33:14 [notice] 1#1: start worker processes
2024/02/29 09:33:14 [notice] 1#1: start worker process 28
2024/02/29 09:33:14 [notice] 1#1: start worker process 29
2024/02/29 09:33:14 [notice] 1#1: start worker process 30
2024/02/29 09:33:14 [notice] 1#1: start worker process 31
2024/02/29 09:33:14 [notice] 1#1: start worker process 32
2024/02/29 09:33:14 [notice] 1#1: start worker process 33
2024/02/29 09:33:14 [notice] 1#1: start worker process 34
2024/02/29 09:33:14 [notice] 1#1: start worker process 35
2024/02/29 09:33:14 [notice] 1#1: start worker process 36
2024/02/29 09:33:14 [notice] 1#1: start worker process 37
2024/02/29 09:33:14 [notice] 1#1: start worker process 38
2024/02/29 09:33:14 [notice] 1#1: start worker process 39
2024/02/29 09:33:14 [notice] 1#1: start worker process 40
2024/02/29 09:33:14 [notice] 1#1: start worker process 41
2024/02/29 09:33:14 [notice] 1#1: start worker process 42
2024/02/29 09:33:14 [notice] 1#1: start worker process 43
2024/02/29 09:37:40 [notice] 1#1: signal 3 (SIGQUIT) received, shutting down
2024/02/29 09:37:40 [notice] 30#30: gracefully shutting down
2024/02/29 09:37:40 [notice] 29#29: gracefully shutting down
2024/02/29 09:37:40 [notice] 28#28: gracefully shutting down
2024/02/29 09:37:40 [notice] 32#32: gracefully shutting down
2024/02/29 09:37:40 [notice] 34#34: gracefully shutting down
2024/02/29 09:37:40 [notice] 33#33: gracefully shutting down
2024/02/29 09:37:40 [notice] 33#33: exiting
2024/02/29 09:37:40 [notice] 35#35: gracefully shutting down
2024/02/29 09:37:40 [notice] 37#37: gracefully shutting down
2024/02/29 09:37:40 [notice] 31#31: gracefully shutting down
2024/02/29 09:37:40 [notice] 38#38: gracefully shutting down
2024/02/29 09:37:40 [notice] 39#39: gracefully shutting down
2024/02/29 09:37:40 [notice] 40#40: gracefully shutting down
2024/02/29 09:37:40 [notice] 41#41: gracefully shutting down
2024/02/29 09:37:40 [notice] 42#42: gracefully shutting down
2024/02/29 09:37:40 [notice] 43#43: gracefully shutting down
2024/02/29 09:37:40 [notice] 36#36: gracefully shutting down
2024/02/29 09:37:40 [notice] 30#30: exiting
2024/02/29 09:37:40 [notice] 29#29: exiting
2024/02/29 09:37:40 [notice] 28#28: exiting
2024/02/29 09:37:40 [notice] 32#32: exiting
2024/02/29 09:37:40 [notice] 34#34: exiting
2024/02/29 09:37:40 [notice] 33#33: exit
2024/02/29 09:37:40 [notice] 35#35: exiting
2024/02/29 09:37:40 [notice] 37#37: exiting
2024/02/29 09:37:40 [notice] 31#31: exiting
2024/02/29 09:37:40 [notice] 38#38: exiting
2024/02/29 09:37:40 [notice] 39#39: exiting
2024/02/29 09:37:40 [notice] 40#40: exiting
2024/02/29 09:37:40 [notice] 41#41: exiting
2024/02/29 09:37:40 [notice] 42#42: exiting
2024/02/29 09:37:40 [notice] 43#43: exiting
2024/02/29 09:37:40 [notice] 36#36: exiting
2024/02/29 09:37:40 [notice] 30#30: exit
2024/02/29 09:37:40 [notice] 29#29: exit
2024/02/29 09:37:40 [notice] 28#28: exit
2024/02/29 09:37:40 [notice] 32#32: exit
2024/02/29 09:37:40 [notice] 34#34: exit
2024/02/29 09:37:40 [notice] 35#35: exit
2024/02/29 09:37:40 [notice] 37#37: exit
2024/02/29 09:37:40 [notice] 31#31: exit
2024/02/29 09:37:40 [notice] 38#38: exit
2024/02/29 09:37:40 [notice] 39#39: exit
2024/02/29 09:37:40 [notice] 40#40: exit
2024/02/29 09:37:40 [notice] 41#41: exit
2024/02/29 09:37:40 [notice] 42#42: exit
2024/02/29 09:37:40 [notice] 43#43: exit
2024/02/29 09:37:40 [notice] 36#36: exit
2024/02/29 09:37:40 [notice] 1#1: signal 17 (SIGCHLD) received from 38
2024/02/29 09:37:40 [notice] 1#1: worker process 30 exited with code 0
2024/02/29 09:37:40 [notice] 1#1: worker process 35 exited with code 0
2024/02/29 09:37:40 [notice] 1#1: worker process 37 exited with code 0
2024/02/29 09:37:40 [notice] 1#1: worker process 38 exited with code 0
2024/02/29 09:37:40 [notice] 1#1: worker process 41 exited with code 0
2024/02/29 09:37:40 [notice] 1#1: worker process 43 exited with code 0
2024/02/29 09:37:40 [notice] 1#1: signal 29 (SIGIO) received
2024/02/29 09:37:40 [notice] 1#1: signal 17 (SIGCHLD) received from 30
2024/02/29 09:37:40 [notice] 1#1: signal 17 (SIGCHLD) received from 31
2024/02/29 09:37:40 [notice] 1#1: worker process 28 exited with code 0
2024/02/29 09:37:40 [notice] 1#1: worker process 29 exited with code 0
2024/02/29 09:37:40 [notice] 1#1: worker process 31 exited with code 0
2024/02/29 09:37:40 [notice] 1#1: worker process 32 exited with code 0
2024/02/29 09:37:40 [notice] 1#1: worker process 33 exited with code 0
2024/02/29 09:37:40 [notice] 1#1: worker process 34 exited with code 0
2024/02/29 09:37:40 [notice] 1#1: worker process 36 exited with code 0
2024/02/29 09:37:40 [notice] 1#1: worker process 39 exited with code 0
2024/02/29 09:37:40 [notice] 1#1: worker process 40 exited with code 0
2024/02/29 09:37:40 [notice] 1#1: worker process 42 exited with code 0
2024/02/29 09:37:40 [notice] 1#1: exit
2024/02/29 09:38:06 [notice] 1#1: using the "epoll" event method
2024/02/29 09:38:06 [notice] 1#1: nginx/1.25.4
2024/02/29 09:38:06 [notice] 1#1: built by gcc 12.2.0 (Debian 12.2.0-14) 
2024/02/29 09:38:06 [notice] 1#1: OS: Linux 5.15.133.1-microsoft-standard-WSL2
2024/02/29 09:38:06 [notice] 1#1: getrlimit(RLIMIT_NOFILE): 1048576:1048576
2024/02/29 09:38:06 [notice] 1#1: start worker processes
2024/02/29 09:38:06 [notice] 1#1: start worker process 28
2024/02/29 09:38:06 [notice] 1#1: start worker process 29
2024/02/29 09:38:06 [notice] 1#1: start worker process 30
2024/02/29 09:38:06 [notice] 1#1: start worker process 31
2024/02/29 09:38:06 [notice] 1#1: start worker process 32
2024/02/29 09:38:06 [notice] 1#1: start worker process 33
2024/02/29 09:38:06 [notice] 1#1: start worker process 34
2024/02/29 09:38:06 [notice] 1#1: start worker process 35
2024/02/29 09:38:06 [notice] 1#1: start worker process 36
2024/02/29 09:38:06 [notice] 1#1: start worker process 37
2024/02/29 09:38:06 [notice] 1#1: start worker process 38
2024/02/29 09:38:06 [notice] 1#1: start worker process 39
2024/02/29 09:38:06 [notice] 1#1: start worker process 40
2024/02/29 09:38:06 [notice] 1#1: start worker process 41
2024/02/29 09:38:06 [notice] 1#1: start worker process 42
2024/02/29 09:38:06 [notice] 1#1: start worker process 43
2024/02/29 09:41:07 [notice] 1#1: signal 3 (SIGQUIT) received, shutting down
2024/02/29 09:41:07 [notice] 28#28: gracefully shutting down
2024/02/29 09:41:07 [notice] 29#29: gracefully shutting down
2024/02/29 09:41:07 [notice] 33#33: gracefully shutting down
2024/02/29 09:41:07 [notice] 31#31: gracefully shutting down
2024/02/29 09:41:07 [notice] 34#34: gracefully shutting down
2024/02/29 09:41:07 [notice] 35#35: gracefully shutting down
2024/02/29 09:41:07 [notice] 36#36: gracefully shutting down
2024/02/29 09:41:07 [notice] 32#32: gracefully shutting down
2024/02/29 09:41:07 [notice] 30#30: gracefully shutting down
2024/02/29 09:41:07 [notice] 37#37: gracefully shutting down
2024/02/29 09:41:07 [notice] 38#38: gracefully shutting down
2024/02/29 09:41:07 [notice] 39#39: gracefully shutting down
2024/02/29 09:41:07 [notice] 39#39: exiting
2024/02/29 09:41:07 [notice] 40#40: gracefully shutting down
2024/02/29 09:41:07 [notice] 42#42: gracefully shutting down
2024/02/29 09:41:07 [notice] 41#41: gracefully shutting down
2024/02/29 09:41:07 [notice] 43#43: gracefully shutting down
2024/02/29 09:41:07 [notice] 28#28: exiting
2024/02/29 09:41:07 [notice] 29#29: exiting
2024/02/29 09:41:07 [notice] 33#33: exiting
2024/02/29 09:41:07 [notice] 31#31: exiting
2024/02/29 09:41:07 [notice] 34#34: exiting
2024/02/29 09:41:07 [notice] 35#35: exiting
2024/02/29 09:41:07 [notice] 36#36: exiting
2024/02/29 09:41:07 [notice] 32#32: exiting
2024/02/29 09:41:07 [notice] 30#30: exiting
2024/02/29 09:41:07 [notice] 37#37: exiting
2024/02/29 09:41:07 [notice] 38#38: exiting
2024/02/29 09:41:07 [notice] 39#39: exit
2024/02/29 09:41:07 [notice] 40#40: exiting
2024/02/29 09:41:07 [notice] 42#42: exiting
2024/02/29 09:41:07 [notice] 41#41: exiting
2024/02/29 09:41:07 [notice] 43#43: exiting
2024/02/29 09:41:07 [notice] 28#28: exit
2024/02/29 09:41:07 [notice] 29#29: exit
2024/02/29 09:41:07 [notice] 33#33: exit
2024/02/29 09:41:07 [notice] 31#31: exit
2024/02/29 09:41:07 [notice] 34#34: exit
2024/02/29 09:41:07 [notice] 35#35: exit
2024/02/29 09:41:07 [notice] 36#36: exit
2024/02/29 09:41:07 [notice] 32#32: exit
2024/02/29 09:41:07 [notice] 30#30: exit
2024/02/29 09:41:07 [notice] 37#37: exit
2024/02/29 09:41:07 [notice] 38#38: exit
2024/02/29 09:41:07 [notice] 40#40: exit
2024/02/29 09:41:07 [notice] 42#42: exit
2024/02/29 09:41:07 [notice] 41#41: exit
2024/02/29 09:41:07 [notice] 43#43: exit
2024/02/29 09:41:07 [notice] 1#1: signal 17 (SIGCHLD) received from 30
2024/02/29 09:41:07 [notice] 1#1: worker process 28 exited with code 0
2024/02/29 09:41:07 [notice] 1#1: worker process 29 exited with code 0
2024/02/29 09:41:07 [notice] 1#1: worker process 30 exited with code 0
2024/02/29 09:41:07 [notice] 1#1: worker process 31 exited with code 0
2024/02/29 09:41:07 [notice] 1#1: worker process 32 exited with code 0
2024/02/29 09:41:07 [notice] 1#1: worker process 33 exited with code 0
2024/02/29 09:41:07 [notice] 1#1: worker process 34 exited with code 0
2024/02/29 09:41:07 [notice] 1#1: worker process 35 exited with code 0
2024/02/29 09:41:07 [notice] 1#1: worker process 36 exited with code 0
2024/02/29 09:41:07 [notice] 1#1: worker process 37 exited with code 0
2024/02/29 09:41:07 [notice] 1#1: worker process 39 exited with code 0
2024/02/29 09:41:07 [notice] 1#1: worker process 41 exited with code 0
2024/02/29 09:41:07 [notice] 1#1: worker process 42 exited with code 0
2024/02/29 09:41:07 [notice] 1#1: worker process 43 exited with code 0
2024/02/29 09:41:07 [notice] 1#1: signal 29 (SIGIO) received
2024/02/29 09:41:07 [notice] 1#1: signal 17 (SIGCHLD) received from 32
2024/02/29 09:41:07 [notice] 1#1: signal 17 (SIGCHLD) received from 38
2024/02/29 09:41:07 [notice] 1#1: worker process 38 exited with code 0
2024/02/29 09:41:07 [notice] 1#1: worker process 40 exited with code 0
2024/02/29 09:41:07 [notice] 1#1: exit
2024/02/29 09:42:21 [notice] 1#1: using the "epoll" event method
2024/02/29 09:42:21 [notice] 1#1: nginx/1.25.4
2024/02/29 09:42:21 [notice] 1#1: built by gcc 12.2.0 (Debian 12.2.0-14) 
2024/02/29 09:42:21 [notice] 1#1: OS: Linux 5.15.133.1-microsoft-standard-WSL2
2024/02/29 09:42:21 [notice] 1#1: getrlimit(RLIMIT_NOFILE): 1048576:1048576
2024/02/29 09:42:21 [notice] 1#1: start worker processes
2024/02/29 09:42:21 [notice] 1#1: start worker process 28
2024/02/29 09:42:21 [notice] 1#1: start worker process 29
2024/02/29 09:42:21 [notice] 1#1: start worker process 30
2024/02/29 09:42:21 [notice] 1#1: start worker process 31
2024/02/29 09:42:21 [notice] 1#1: start worker process 32
2024/02/29 09:42:21 [notice] 1#1: start worker process 33
2024/02/29 09:42:21 [notice] 1#1: start worker process 34
2024/02/29 09:42:21 [notice] 1#1: start worker process 35
2024/02/29 09:42:21 [notice] 1#1: start worker process 36
2024/02/29 09:42:21 [notice] 1#1: start worker process 37
2024/02/29 09:42:21 [notice] 1#1: start worker process 38
2024/02/29 09:42:21 [notice] 1#1: start worker process 39
2024/02/29 09:42:21 [notice] 1#1: start worker process 40
2024/02/29 09:42:21 [notice] 1#1: start worker process 41
2024/02/29 09:42:21 [notice] 1#1: start worker process 42
2024/02/29 09:42:21 [notice] 1#1: start worker process 43
2024/02/29 10:01:47 [notice] 1#1: signal 3 (SIGQUIT) received, shutting down
2024/02/29 10:01:47 [notice] 29#29: gracefully shutting down
2024/02/29 10:01:47 [notice] 28#28: gracefully shutting down
2024/02/29 10:01:47 [notice] 30#30: gracefully shutting down
2024/02/29 10:01:47 [notice] 33#33: gracefully shutting down
2024/02/29 10:01:47 [notice] 31#31: gracefully shutting down
2024/02/29 10:01:47 [notice] 32#32: gracefully shutting down
2024/02/29 10:01:47 [notice] 35#35: gracefully shutting down
2024/02/29 10:01:47 [notice] 37#37: gracefully shutting down
2024/02/29 10:01:47 [notice] 38#38: gracefully shutting down
2024/02/29 10:01:47 [notice] 39#39: gracefully shutting down
2024/02/29 10:01:47 [notice] 42#42: gracefully shutting down
2024/02/29 10:01:47 [notice] 34#34: gracefully shutting down
2024/02/29 10:01:47 [notice] 36#36: gracefully shutting down
2024/02/29 10:01:47 [notice] 41#41: gracefully shutting down
2024/02/29 10:01:47 [notice] 40#40: gracefully shutting down
2024/02/29 10:01:47 [notice] 43#43: gracefully shutting down
2024/02/29 10:01:47 [notice] 29#29: exiting
2024/02/29 10:01:47 [notice] 28#28: exiting
2024/02/29 10:01:47 [notice] 30#30: exiting
2024/02/29 10:01:47 [notice] 33#33: exiting
2024/02/29 10:01:47 [notice] 31#31: exiting
2024/02/29 10:01:47 [notice] 32#32: exiting
2024/02/29 10:01:47 [notice] 35#35: exiting
2024/02/29 10:01:47 [notice] 37#37: exiting
2024/02/29 10:01:47 [notice] 38#38: exiting
2024/02/29 10:01:47 [notice] 39#39: exiting
2024/02/29 10:01:47 [notice] 42#42: exiting
2024/02/29 10:01:47 [notice] 34#34: exiting
2024/02/29 10:01:47 [notice] 36#36: exiting
2024/02/29 10:01:47 [notice] 41#41: exiting
2024/02/29 10:01:47 [notice] 40#40: exiting
2024/02/29 10:01:47 [notice] 43#43: exiting
2024/02/29 10:01:47 [notice] 29#29: exit
2024/02/29 10:01:47 [notice] 28#28: exit
2024/02/29 10:01:47 [notice] 30#30: exit
2024/02/29 10:01:47 [notice] 33#33: exit
2024/02/29 10:01:47 [notice] 31#31: exit
2024/02/29 10:01:47 [notice] 32#32: exit
2024/02/29 10:01:47 [notice] 35#35: exit
2024/02/29 10:01:47 [notice] 37#37: exit
2024/02/29 10:01:47 [notice] 38#38: exit
2024/02/29 10:01:47 [notice] 39#39: exit
2024/02/29 10:01:47 [notice] 42#42: exit
2024/02/29 10:01:47 [notice] 34#34: exit
2024/02/29 10:01:47 [notice] 36#36: exit
2024/02/29 10:01:47 [notice] 41#41: exit
2024/02/29 10:01:47 [notice] 40#40: exit
2024/02/29 10:01:47 [notice] 43#43: exit
2024/02/29 10:01:47 [notice] 1#1: signal 17 (SIGCHLD) received from 42
2024/02/29 10:01:47 [notice] 1#1: worker process 28 exited with code 0
2024/02/29 10:01:47 [notice] 1#1: worker process 29 exited with code 0
2024/02/29 10:01:47 [notice] 1#1: worker process 30 exited with code 0
2024/02/29 10:01:47 [notice] 1#1: worker process 36 exited with code 0
2024/02/29 10:01:47 [notice] 1#1: worker process 42 exited with code 0
2024/02/29 10:01:47 [notice] 1#1: signal 29 (SIGIO) received
2024/02/29 10:01:47 [notice] 1#1: signal 17 (SIGCHLD) received from 28
2024/02/29 10:01:47 [notice] 1#1: signal 17 (SIGCHLD) received from 40
2024/02/29 10:01:47 [notice] 1#1: worker process 31 exited with code 0
2024/02/29 10:01:47 [notice] 1#1: worker process 32 exited with code 0
2024/02/29 10:01:47 [notice] 1#1: worker process 33 exited with code 0
2024/02/29 10:01:47 [notice] 1#1: worker process 35 exited with code 0
2024/02/29 10:01:47 [notice] 1#1: worker process 37 exited with code 0
2024/02/29 10:01:47 [notice] 1#1: worker process 34 exited with code 0
2024/02/29 10:01:47 [notice] 1#1: worker process 38 exited with code 0
2024/02/29 10:01:47 [notice] 1#1: worker process 39 exited with code 0
2024/02/29 10:01:47 [notice] 1#1: worker process 40 exited with code 0
2024/02/29 10:01:47 [notice] 1#1: worker process 41 exited with code 0
2024/02/29 10:01:47 [notice] 1#1: worker process 43 exited with code 0
2024/02/29 10:01:47 [notice] 1#1: exit
2024/02/29 10:03:04 [notice] 1#1: using the "epoll" event method
2024/02/29 10:03:04 [notice] 1#1: nginx/1.25.4
2024/02/29 10:03:04 [notice] 1#1: built by gcc 12.2.0 (Debian 12.2.0-14) 
2024/02/29 10:03:04 [notice] 1#1: OS: Linux 5.15.133.1-microsoft-standard-WSL2
2024/02/29 10:03:04 [notice] 1#1: getrlimit(RLIMIT_NOFILE): 1048576:1048576
2024/02/29 10:03:04 [notice] 1#1: start worker processes
2024/02/29 10:03:04 [notice] 1#1: start worker process 28
2024/02/29 10:03:04 [notice] 1#1: start worker process 29
2024/02/29 10:03:04 [notice] 1#1: start worker process 30
2024/02/29 10:03:04 [notice] 1#1: start worker process 31
2024/02/29 10:03:04 [notice] 1#1: start worker process 32
2024/02/29 10:03:04 [notice] 1#1: start worker process 33
2024/02/29 10:03:04 [notice] 1#1: start worker process 34
2024/02/29 10:03:04 [notice] 1#1: start worker process 35
2024/02/29 10:03:04 [notice] 1#1: start worker process 36
2024/02/29 10:03:04 [notice] 1#1: start worker process 37
2024/02/29 10:03:04 [notice] 1#1: start worker process 38
2024/02/29 10:03:04 [notice] 1#1: start worker process 39
2024/02/29 10:03:04 [notice] 1#1: start worker process 40
2024/02/29 10:03:04 [notice] 1#1: start worker process 41
2024/02/29 10:03:04 [notice] 1#1: start worker process 42
2024/02/29 10:03:04 [notice] 1#1: start worker process 43
2024/02/29 10:35:40 [notice] 1#1: signal 3 (SIGQUIT) received, shutting down
2024/02/29 10:35:40 [notice] 28#28: gracefully shutting down
2024/02/29 10:35:40 [notice] 30#30: gracefully shutting down
2024/02/29 10:35:40 [notice] 29#29: gracefully shutting down
2024/02/29 10:35:40 [notice] 31#31: gracefully shutting down
2024/02/29 10:35:40 [notice] 32#32: gracefully shutting down
2024/02/29 10:35:40 [notice] 35#35: gracefully shutting down
2024/02/29 10:35:40 [notice] 33#33: gracefully shutting down
2024/02/29 10:35:40 [notice] 37#37: gracefully shutting down
2024/02/29 10:35:40 [notice] 36#36: gracefully shutting down
2024/02/29 10:35:40 [notice] 39#39: gracefully shutting down
2024/02/29 10:35:40 [notice] 41#41: gracefully shutting down
2024/02/29 10:35:40 [notice] 38#38: gracefully shutting down
2024/02/29 10:35:40 [notice] 34#34: gracefully shutting down
2024/02/29 10:35:40 [notice] 40#40: gracefully shutting down
2024/02/29 10:35:40 [notice] 42#42: gracefully shutting down
2024/02/29 10:35:40 [notice] 43#43: gracefully shutting down
2024/02/29 10:35:40 [notice] 28#28: exiting
2024/02/29 10:35:40 [notice] 30#30: exiting
2024/02/29 10:35:40 [notice] 29#29: exiting
2024/02/29 10:35:40 [notice] 31#31: exiting
2024/02/29 10:35:40 [notice] 32#32: exiting
2024/02/29 10:35:40 [notice] 35#35: exiting
2024/02/29 10:35:40 [notice] 33#33: exiting
2024/02/29 10:35:40 [notice] 37#37: exiting
2024/02/29 10:35:40 [notice] 36#36: exiting
2024/02/29 10:35:40 [notice] 37#37: exit
2024/02/29 10:35:40 [notice] 39#39: exiting
2024/02/29 10:35:40 [notice] 41#41: exiting
2024/02/29 10:35:40 [notice] 38#38: exiting
2024/02/29 10:35:40 [notice] 34#34: exiting
2024/02/29 10:35:40 [notice] 40#40: exiting
2024/02/29 10:35:40 [notice] 42#42: exiting
2024/02/29 10:35:40 [notice] 43#43: exiting
2024/02/29 10:35:40 [notice] 28#28: exit
2024/02/29 10:35:40 [notice] 30#30: exit
2024/02/29 10:35:40 [notice] 29#29: exit
2024/02/29 10:35:40 [notice] 35#35: exit
2024/02/29 10:35:40 [notice] 32#32: exit
2024/02/29 10:35:40 [notice] 31#31: exit
2024/02/29 10:35:40 [notice] 33#33: exit
2024/02/29 10:35:40 [notice] 36#36: exit
2024/02/29 10:35:40 [notice] 39#39: exit
2024/02/29 10:35:40 [notice] 41#41: exit
2024/02/29 10:35:40 [notice] 38#38: exit
2024/02/29 10:35:40 [notice] 34#34: exit
2024/02/29 10:35:40 [notice] 40#40: exit
2024/02/29 10:35:40 [notice] 42#42: exit
2024/02/29 10:35:40 [notice] 43#43: exit
2024/02/29 10:35:40 [notice] 1#1: signal 17 (SIGCHLD) received from 40
2024/02/29 10:35:40 [notice] 1#1: worker process 37 exited with code 0
2024/02/29 10:35:40 [notice] 1#1: worker process 34 exited with code 0
2024/02/29 10:35:40 [notice] 1#1: worker process 40 exited with code 0
2024/02/29 10:35:40 [notice] 1#1: signal 29 (SIGIO) received
2024/02/29 10:35:40 [notice] 1#1: signal 17 (SIGCHLD) received from 37
2024/02/29 10:35:40 [notice] 1#1: signal 17 (SIGCHLD) received from 35
2024/02/29 10:35:40 [notice] 1#1: worker process 30 exited with code 0
2024/02/29 10:35:40 [notice] 1#1: worker process 35 exited with code 0
2024/02/29 10:35:40 [notice] 1#1: worker process 38 exited with code 0
2024/02/29 10:35:40 [notice] 1#1: worker process 43 exited with code 0
2024/02/29 10:35:40 [notice] 1#1: signal 29 (SIGIO) received
2024/02/29 10:35:40 [notice] 1#1: signal 17 (SIGCHLD) received from 38
2024/02/29 10:35:40 [notice] 1#1: signal 17 (SIGCHLD) received from 29
2024/02/29 10:35:40 [notice] 1#1: worker process 28 exited with code 0
2024/02/29 10:35:40 [notice] 1#1: worker process 29 exited with code 0
2024/02/29 10:35:40 [notice] 1#1: worker process 31 exited with code 0
2024/02/29 10:35:40 [notice] 1#1: worker process 32 exited with code 0
2024/02/29 10:35:40 [notice] 1#1: worker process 33 exited with code 0
2024/02/29 10:35:40 [notice] 1#1: worker process 36 exited with code 0
2024/02/29 10:35:40 [notice] 1#1: worker process 39 exited with code 0
2024/02/29 10:35:40 [notice] 1#1: worker process 42 exited with code 0
2024/02/29 10:35:40 [notice] 1#1: signal 29 (SIGIO) received
2024/02/29 10:35:40 [notice] 1#1: signal 17 (SIGCHLD) received from 39
2024/02/29 10:35:40 [notice] 1#1: signal 17 (SIGCHLD) received from 41
2024/02/29 10:35:40 [notice] 1#1: worker process 41 exited with code 0
2024/02/29 10:35:40 [notice] 1#1: exit
2024/02/29 10:40:42 [notice] 1#1: using the "epoll" event method
2024/02/29 10:40:42 [notice] 1#1: nginx/1.25.4
2024/02/29 10:40:42 [notice] 1#1: built by gcc 12.2.0 (Debian 12.2.0-14) 
2024/02/29 10:40:42 [notice] 1#1: OS: Linux 5.15.133.1-microsoft-standard-WSL2
2024/02/29 10:40:42 [notice] 1#1: getrlimit(RLIMIT_NOFILE): 1048576:1048576
2024/02/29 10:40:42 [notice] 1#1: start worker processes
2024/02/29 10:40:42 [notice] 1#1: start worker process 28
2024/02/29 10:40:42 [notice] 1#1: start worker process 29
2024/02/29 10:40:42 [notice] 1#1: start worker process 30
2024/02/29 10:40:42 [notice] 1#1: start worker process 31
2024/02/29 10:40:42 [notice] 1#1: start worker process 32
2024/02/29 10:40:42 [notice] 1#1: start worker process 33
2024/02/29 10:40:42 [notice] 1#1: start worker process 34
2024/02/29 10:40:42 [notice] 1#1: start worker process 35
2024/02/29 10:40:42 [notice] 1#1: start worker process 36
2024/02/29 10:40:42 [notice] 1#1: start worker process 37
2024/02/29 10:40:42 [notice] 1#1: start worker process 38
2024/02/29 10:40:42 [notice] 1#1: start worker process 39
2024/02/29 10:40:42 [notice] 1#1: start worker process 40
2024/02/29 10:40:42 [notice] 1#1: start worker process 41
2024/02/29 10:40:42 [notice] 1#1: start worker process 42
2024/02/29 10:40:42 [notice] 1#1: start worker process 43
2024/02/29 10:40:49 [error] 28#28: *1 connect() failed (111: Connection refused) while connecting to upstream, client: 192.168.128.1, server: , request: "GET / HTTP/1.1", upstream: "http://192.168.128.2:3000/", host: "localhost"
2024/02/29 10:40:50 [error] 28#28: *1 connect() failed (111: Connection refused) while connecting to upstream, client: 192.168.128.1, server: , request: "GET / HTTP/1.1", upstream: "http://192.168.128.2:3000/", host: "localhost"
2024/02/29 10:41:02 [error] 28#28: *1 connect() failed (111: Connection refused) while connecting to upstream, client: 192.168.128.1, server: , request: "GET / HTTP/1.1", upstream: "http://192.168.128.2:3000/", host: "localhost"
2024/02/29 10:41:03 [error] 28#28: *1 connect() failed (111: Connection refused) while connecting to upstream, client: 192.168.128.1, server: , request: "GET / HTTP/1.1", upstream: "http://192.168.128.2:3000/", host: "localhost"
2024/02/29 10:42:05 [notice] 1#1: signal 3 (SIGQUIT) received, shutting down
2024/02/29 10:42:05 [notice] 31#31: gracefully shutting down
2024/02/29 10:42:05 [notice] 32#32: gracefully shutting down
2024/02/29 10:42:05 [notice] 30#30: gracefully shutting down
2024/02/29 10:42:05 [notice] 33#33: gracefully shutting down
2024/02/29 10:42:05 [notice] 29#29: gracefully shutting down
2024/02/29 10:42:05 [notice] 35#35: gracefully shutting down
2024/02/29 10:42:05 [notice] 36#36: gracefully shutting down
2024/02/29 10:42:05 [notice] 34#34: gracefully shutting down
2024/02/29 10:42:05 [notice] 28#28: gracefully shutting down
2024/02/29 10:42:05 [notice] 39#39: gracefully shutting down
2024/02/29 10:42:05 [notice] 37#37: gracefully shutting down
2024/02/29 10:42:05 [notice] 41#41: gracefully shutting down
2024/02/29 10:42:05 [notice] 41#41: exiting
2024/02/29 10:42:05 [notice] 42#42: gracefully shutting down
2024/02/29 10:42:05 [notice] 42#42: exiting
2024/02/29 10:42:05 [notice] 43#43: gracefully shutting down
2024/02/29 10:42:05 [notice] 40#40: gracefully shutting down
2024/02/29 10:42:05 [notice] 38#38: gracefully shutting down
2024/02/29 10:42:05 [notice] 31#31: exiting
2024/02/29 10:42:05 [notice] 32#32: exiting
2024/02/29 10:42:05 [notice] 30#30: exiting
2024/02/29 10:42:05 [notice] 33#33: exiting
2024/02/29 10:42:05 [notice] 29#29: exiting
2024/02/29 10:42:05 [notice] 35#35: exiting
2024/02/29 10:42:05 [notice] 36#36: exiting
2024/02/29 10:42:05 [notice] 34#34: exiting
2024/02/29 10:42:05 [notice] 28#28: exiting
2024/02/29 10:42:05 [notice] 39#39: exiting
2024/02/29 10:42:05 [notice] 37#37: exiting
2024/02/29 10:42:05 [notice] 41#41: exit
2024/02/29 10:42:05 [notice] 42#42: exit
2024/02/29 10:42:05 [notice] 43#43: exiting
2024/02/29 10:42:05 [notice] 40#40: exiting
2024/02/29 10:42:05 [notice] 38#38: exiting
2024/02/29 10:42:05 [notice] 31#31: exit
2024/02/29 10:42:05 [notice] 32#32: exit
2024/02/29 10:42:05 [notice] 30#30: exit
2024/02/29 10:42:05 [notice] 33#33: exit
2024/02/29 10:42:05 [notice] 29#29: exit
2024/02/29 10:42:05 [notice] 35#35: exit
2024/02/29 10:42:05 [notice] 36#36: exit
2024/02/29 10:42:05 [notice] 34#34: exit
2024/02/29 10:42:05 [notice] 28#28: exit
2024/02/29 10:42:05 [notice] 39#39: exit
2024/02/29 10:42:05 [notice] 37#37: exit
2024/02/29 10:42:05 [notice] 43#43: exit
2024/02/29 10:42:05 [notice] 40#40: exit
2024/02/29 10:42:05 [notice] 38#38: exit
2024/02/29 10:42:05 [notice] 1#1: signal 17 (SIGCHLD) received from 43
2024/02/29 10:42:05 [notice] 1#1: worker process 43 exited with code 0
2024/02/29 10:42:05 [notice] 1#1: signal 29 (SIGIO) received
2024/02/29 10:42:05 [notice] 1#1: signal 17 (SIGCHLD) received from 29
2024/02/29 10:42:05 [notice] 1#1: worker process 28 exited with code 0
2024/02/29 10:42:05 [notice] 1#1: worker process 29 exited with code 0
2024/02/29 10:42:05 [notice] 1#1: worker process 30 exited with code 0
2024/02/29 10:42:05 [notice] 1#1: worker process 31 exited with code 0
2024/02/29 10:42:05 [notice] 1#1: worker process 33 exited with code 0
2024/02/29 10:42:05 [notice] 1#1: worker process 34 exited with code 0
2024/02/29 10:42:05 [notice] 1#1: worker process 35 exited with code 0
2024/02/29 10:42:05 [notice] 1#1: worker process 36 exited with code 0
2024/02/29 10:42:05 [notice] 1#1: worker process 37 exited with code 0
2024/02/29 10:42:05 [notice] 1#1: worker process 38 exited with code 0
2024/02/29 10:42:05 [notice] 1#1: worker process 39 exited with code 0
2024/02/29 10:42:05 [notice] 1#1: worker process 40 exited with code 0
2024/02/29 10:42:05 [notice] 1#1: worker process 41 exited with code 0
2024/02/29 10:42:05 [notice] 1#1: worker process 42 exited with code 0
2024/02/29 10:42:05 [notice] 1#1: signal 29 (SIGIO) received
2024/02/29 10:42:05 [notice] 1#1: signal 17 (SIGCHLD) received from 28
2024/02/29 10:42:05 [notice] 1#1: signal 17 (SIGCHLD) received from 32
2024/02/29 10:42:05 [notice] 1#1: worker process 32 exited with code 0
2024/02/29 10:42:05 [notice] 1#1: exit
2024/02/29 10:44:36 [emerg] 1#1: host not found in upstream "react-app:3000" in /etc/nginx/conf.d/default.conf:3
2024/02/29 10:44:45 [emerg] 1#1: host not found in upstream "react-app:3000" in /etc/nginx/conf.d/default.conf:3
2024/02/29 10:44:53 [emerg] 1#1: host not found in upstream "react-app:3000" in /etc/nginx/conf.d/default.conf:3
2024/02/29 10:45:02 [emerg] 1#1: host not found in upstream "react-app:3000" in /etc/nginx/conf.d/default.conf:3
2024/02/29 10:45:11 [emerg] 1#1: host not found in upstream "react-app:3000" in /etc/nginx/conf.d/default.conf:3
2024/02/29 10:45:21 [emerg] 1#1: host not found in upstream "react-app:3000" in /etc/nginx/conf.d/default.conf:3
2024/02/29 10:45:33 [emerg] 1#1: host not found in upstream "react-app:3000" in /etc/nginx/conf.d/default.conf:3
2024/02/29 10:45:47 [emerg] 1#1: host not found in upstream "react-app:3000" in /etc/nginx/conf.d/default.conf:3
2024/02/29 10:46:08 [notice] 1#1: using the "epoll" event method
2024/02/29 10:46:08 [notice] 1#1: nginx/1.25.4
2024/02/29 10:46:08 [notice] 1#1: built by gcc 12.2.0 (Debian 12.2.0-14) 
2024/02/29 10:46:08 [notice] 1#1: OS: Linux 5.15.133.1-microsoft-standard-WSL2
2024/02/29 10:46:08 [notice] 1#1: getrlimit(RLIMIT_NOFILE): 1048576:1048576
2024/02/29 10:46:08 [notice] 1#1: start worker processes
2024/02/29 10:46:08 [notice] 1#1: start worker process 28
2024/02/29 10:46:08 [notice] 1#1: start worker process 29
2024/02/29 10:46:08 [notice] 1#1: start worker process 30
2024/02/29 10:46:08 [notice] 1#1: start worker process 31
2024/02/29 10:46:08 [notice] 1#1: start worker process 32
2024/02/29 10:46:08 [notice] 1#1: start worker process 33
2024/02/29 10:46:08 [notice] 1#1: start worker process 34
2024/02/29 10:46:08 [notice] 1#1: start worker process 35
2024/02/29 10:46:08 [notice] 1#1: start worker process 36
2024/02/29 10:46:08 [notice] 1#1: start worker process 37
2024/02/29 10:46:08 [notice] 1#1: start worker process 38
2024/02/29 10:46:08 [notice] 1#1: start worker process 39
2024/02/29 10:46:08 [notice] 1#1: start worker process 40
2024/02/29 10:46:08 [notice] 1#1: start worker process 41
2024/02/29 10:46:08 [notice] 1#1: start worker process 42
2024/02/29 10:46:08 [notice] 1#1: start worker process 43
2024/02/29 10:46:27 [error] 28#28: *1 connect() failed (111: Connection refused) while connecting to upstream, client: 192.168.128.1, server: , request: "GET / HTTP/1.1", upstream: "http://192.168.128.2:3000/", host: "localhost"
2024/02/29 10:51:08 [notice] 1#1: signal 3 (SIGQUIT) received, shutting down
2024/02/29 10:51:08 [notice] 28#28: gracefully shutting down
2024/02/29 10:51:08 [notice] 30#30: gracefully shutting down
2024/02/29 10:51:08 [notice] 29#29: gracefully shutting down
2024/02/29 10:51:08 [notice] 31#31: gracefully shutting down
2024/02/29 10:51:08 [notice] 33#33: gracefully shutting down
2024/02/29 10:51:08 [notice] 32#32: gracefully shutting down
2024/02/29 10:51:08 [notice] 35#35: gracefully shutting down
2024/02/29 10:51:08 [notice] 34#34: gracefully shutting down
2024/02/29 10:51:08 [notice] 36#36: gracefully shutting down
2024/02/29 10:51:08 [notice] 38#38: gracefully shutting down
2024/02/29 10:51:08 [notice] 37#37: gracefully shutting down
2024/02/29 10:51:08 [notice] 39#39: gracefully shutting down
2024/02/29 10:51:08 [notice] 41#41: gracefully shutting down
2024/02/29 10:51:08 [notice] 42#42: gracefully shutting down
2024/02/29 10:51:08 [notice] 43#43: gracefully shutting down
2024/02/29 10:51:08 [notice] 40#40: gracefully shutting down
2024/02/29 10:51:08 [notice] 28#28: exiting
2024/02/29 10:51:08 [notice] 30#30: exiting
2024/02/29 10:51:08 [notice] 29#29: exiting
2024/02/29 10:51:08 [notice] 31#31: exiting
2024/02/29 10:51:08 [notice] 33#33: exiting
2024/02/29 10:51:08 [notice] 32#32: exiting
2024/02/29 10:51:08 [notice] 35#35: exiting
2024/02/29 10:51:08 [notice] 34#34: exiting
2024/02/29 10:51:08 [notice] 36#36: exiting
2024/02/29 10:51:08 [notice] 38#38: exiting
2024/02/29 10:51:08 [notice] 37#37: exiting
2024/02/29 10:51:08 [notice] 39#39: exiting
2024/02/29 10:51:08 [notice] 41#41: exiting
2024/02/29 10:51:08 [notice] 42#42: exiting
2024/02/29 10:51:08 [notice] 43#43: exiting
2024/02/29 10:51:08 [notice] 40#40: exiting
2024/02/29 10:51:08 [notice] 28#28: exit
2024/02/29 10:51:08 [notice] 30#30: exit
2024/02/29 10:51:08 [notice] 29#29: exit
2024/02/29 10:51:08 [notice] 31#31: exit
2024/02/29 10:51:08 [notice] 33#33: exit
2024/02/29 10:51:08 [notice] 32#32: exit
2024/02/29 10:51:08 [notice] 35#35: exit
2024/02/29 10:51:08 [notice] 34#34: exit
2024/02/29 10:51:08 [notice] 36#36: exit
2024/02/29 10:51:08 [notice] 38#38: exit
2024/02/29 10:51:08 [notice] 37#37: exit
2024/02/29 10:51:08 [notice] 39#39: exit
2024/02/29 10:51:08 [notice] 41#41: exit
2024/02/29 10:51:08 [notice] 42#42: exit
2024/02/29 10:51:08 [notice] 43#43: exit
2024/02/29 10:51:08 [notice] 40#40: exit
2024/02/29 10:51:08 [notice] 1#1: signal 17 (SIGCHLD) received from 36
2024/02/29 10:51:08 [notice] 1#1: worker process 36 exited with code 0
2024/02/29 10:51:08 [notice] 1#1: signal 29 (SIGIO) received
2024/02/29 10:51:08 [notice] 1#1: signal 17 (SIGCHLD) received from 30
2024/02/29 10:51:08 [notice] 1#1: worker process 28 exited with code 0
2024/02/29 10:51:08 [notice] 1#1: worker process 30 exited with code 0
2024/02/29 10:51:08 [notice] 1#1: worker process 31 exited with code 0
2024/02/29 10:51:08 [notice] 1#1: worker process 32 exited with code 0
2024/02/29 10:51:08 [notice] 1#1: worker process 34 exited with code 0
2024/02/29 10:51:08 [notice] 1#1: worker process 37 exited with code 0
2024/02/29 10:51:08 [notice] 1#1: worker process 41 exited with code 0
2024/02/29 10:51:08 [notice] 1#1: worker process 42 exited with code 0
2024/02/29 10:51:08 [notice] 1#1: signal 29 (SIGIO) received
2024/02/29 10:51:08 [notice] 1#1: signal 17 (SIGCHLD) received from 42
2024/02/29 10:51:08 [notice] 1#1: signal 17 (SIGCHLD) received from 35
2024/02/29 10:51:08 [notice] 1#1: worker process 29 exited with code 0
2024/02/29 10:51:08 [notice] 1#1: worker process 33 exited with code 0
2024/02/29 10:51:08 [notice] 1#1: worker process 35 exited with code 0
2024/02/29 10:51:08 [notice] 1#1: worker process 38 exited with code 0
2024/02/29 10:51:08 [notice] 1#1: worker process 39 exited with code 0
2024/02/29 10:51:08 [notice] 1#1: worker process 40 exited with code 0
2024/02/29 10:51:08 [notice] 1#1: worker process 43 exited with code 0
2024/02/29 10:51:08 [notice] 1#1: exit
